[2016-07-08 13:34:37.031] [INFO] logInfo - 
[2016-07-08 13:34:37.033] [DEBUG] logInfo - debug
[2016-07-08 13:34:37.033] [ERROR] logInfo - error
[2016-07-08 13:35:28.131] [INFO] logInfo - 
[2016-07-08 13:35:28.132] [DEBUG] logInfo - debug
[2016-07-08 13:35:28.132] [ERROR] logInfo - error
[2016-07-08 13:37:11.747] [INFO] logInfo - 
[2016-07-08 13:37:11.748] [DEBUG] logInfo - debug
[2016-07-08 13:37:11.748] [ERROR] logInfo - error
[2016-07-08 13:37:45.571] [INFO] logInfo - 
[2016-07-08 13:37:45.572] [DEBUG] logInfo - debug
[2016-07-08 13:37:45.573] [ERROR] logInfo - error
[2016-07-08 13:41:58.621] [ERROR] logInfo - ::1 - - "GET /log/demosdasd HTTP/1.1" 404 921 "" "Mozilla/5.0 (Windows NT 6.1; WOW64) AppleWebKit/537.36 (KHTML, like Gecko) Chrome/51.0.2704.106 Safari/537.36"
[2016-07-08 13:44:49.942] [INFO] logInfo - 
[2016-07-08 13:44:49.943] [DEBUG] logInfo - debug
[2016-07-08 13:44:49.944] [ERROR] logInfo - error
[2016-07-08 14:42:57.608] [INFO] logInfo - 
[2016-07-08 14:42:57.610] [DEBUG] logInfo - debug
[2016-07-08 14:42:57.610] [ERROR] logInfo - error
[2016-07-08 14:42:57.618] [WARN] logInfo - ::1 - - "GET /log/demo HTTP/1.1" 304 - "" "Mozilla/5.0 (Windows NT 6.1; WOW64) AppleWebKit/537.36 (KHTML, like Gecko) Chrome/51.0.2704.106 Safari/537.36"
[2016-07-08 14:50:27.208] [INFO] logInfo - ::1 - - "GET /json/demo HTTP/1.1" 200 15 "" "Mozilla/5.0 (Windows NT 6.1; WOW64) AppleWebKit/537.36 (KHTML, like Gecko) Chrome/51.0.2704.106 Safari/537.36"
[2016-07-08 14:52:03.894] [INFO] logInfo - ::1 - - "GET /json/demo HTTP/1.1" 200 22 "" "Mozilla/5.0 (Windows NT 6.1; WOW64) AppleWebKit/537.36 (KHTML, like Gecko) Chrome/51.0.2704.106 Safari/537.36"
[2016-07-08 14:52:46.957] [INFO] logInfo - ::1 - - "GET /json/demo HTTP/1.1" 200 48 "" "Mozilla/5.0 (Windows NT 6.1; WOW64) AppleWebKit/537.36 (KHTML, like Gecko) Chrome/51.0.2704.106 Safari/537.36"
[2016-07-08 14:54:33.809] [WARN] logInfo - ::1 - - "GET /json/demo HTTP/1.1" 304 - "" "Mozilla/5.0 (Windows NT 6.1; WOW64) AppleWebKit/537.36 (KHTML, like Gecko) Chrome/51.0.2704.106 Safari/537.36"
[2016-07-08 15:10:31.888] [INFO] logInfo - ::1 - - "GET /prototype/demo HTTP/1.1" 200 133 "" "Mozilla/5.0 (Windows NT 6.1; WOW64) AppleWebKit/537.36 (KHTML, like Gecko) Chrome/51.0.2704.106 Safari/537.36"
[2016-07-08 15:15:54.715] [ERROR] logInfo - ::1 - - "GET /prototype/demo HTTP/1.1" 500 1057 "" "Mozilla/5.0 (Windows NT 6.1; WOW64) AppleWebKit/537.36 (KHTML, like Gecko) Chrome/51.0.2704.106 Safari/537.36"
[2016-07-08 15:15:57.146] [ERROR] logInfo - ::1 - - "GET /prototype/demo HTTP/1.1" 500 1057 "" "Mozilla/5.0 (Windows NT 6.1; WOW64) AppleWebKit/537.36 (KHTML, like Gecko) Chrome/51.0.2704.106 Safari/537.36"
[2016-07-08 15:16:27.293] [INFO] logInfo - ::1 - - "GET /prototype/demo HTTP/1.1" 200 133 "" "Mozilla/5.0 (Windows NT 6.1; WOW64) AppleWebKit/537.36 (KHTML, like Gecko) Chrome/51.0.2704.106 Safari/537.36"
[2016-07-08 15:18:31.820] [WARN] logInfo - ::1 - - "GET /prototype/demo HTTP/1.1" 304 - "" "Mozilla/5.0 (Windows NT 6.1; WOW64) AppleWebKit/537.36 (KHTML, like Gecko) Chrome/51.0.2704.106 Safari/537.36"
[2016-07-08 15:22:13.564] [WARN] logInfo - ::1 - - "GET /prototype/demo HTTP/1.1" 304 - "" "Mozilla/5.0 (Windows NT 6.1; WOW64) AppleWebKit/537.36 (KHTML, like Gecko) Chrome/51.0.2704.106 Safari/537.36"
[2016-07-08 15:23:02.761] [WARN] logInfo - ::1 - - "GET /prototype/demo HTTP/1.1" 304 - "" "Mozilla/5.0 (Windows NT 6.1; WOW64) AppleWebKit/537.36 (KHTML, like Gecko) Chrome/51.0.2704.106 Safari/537.36"
[2016-07-08 15:23:23.692] [WARN] logInfo - ::1 - - "GET /prototype/demo HTTP/1.1" 304 - "" "Mozilla/5.0 (Windows NT 6.1; WOW64) AppleWebKit/537.36 (KHTML, like Gecko) Chrome/51.0.2704.106 Safari/537.36"
[2016-07-08 15:23:24.962] [WARN] logInfo - ::1 - - "GET /prototype/demo HTTP/1.1" 304 - "" "Mozilla/5.0 (Windows NT 6.1; WOW64) AppleWebKit/537.36 (KHTML, like Gecko) Chrome/51.0.2704.106 Safari/537.36"
[2016-07-08 15:23:25.674] [WARN] logInfo - ::1 - - "GET /prototype/demo HTTP/1.1" 304 - "" "Mozilla/5.0 (Windows NT 6.1; WOW64) AppleWebKit/537.36 (KHTML, like Gecko) Chrome/51.0.2704.106 Safari/537.36"
[2016-07-08 15:23:47.931] [INFO] logInfo - ::1 - - "GET /prototype/demo HTTP/1.1" 200 70 "" "Mozilla/5.0 (Windows NT 6.1; WOW64) AppleWebKit/537.36 (KHTML, like Gecko) Chrome/51.0.2704.106 Safari/537.36"
[2016-07-08 15:24:17.455] [INFO] logInfo - ::1 - - "GET /prototype/demo HTTP/1.1" 200 133 "" "Mozilla/5.0 (Windows NT 6.1; WOW64) AppleWebKit/537.36 (KHTML, like Gecko) Chrome/51.0.2704.106 Safari/537.36"
[2016-07-08 15:24:50.091] [INFO] logInfo - ::1 - - "GET /prototype/demo HTTP/1.1" 200 184 "" "Mozilla/5.0 (Windows NT 6.1; WOW64) AppleWebKit/537.36 (KHTML, like Gecko) Chrome/51.0.2704.106 Safari/537.36"
[2016-07-08 15:31:14.873] [INFO] logInfo - ::1 - - "GET /prototype/demo HTTP/1.1" 200 152 "" "Mozilla/5.0 (Windows NT 6.1; WOW64) AppleWebKit/537.36 (KHTML, like Gecko) Chrome/51.0.2704.106 Safari/537.36"
[2016-07-08 15:41:13.104] [WARN] logInfo - ::1 - - "GET /prototype/demo HTTP/1.1" 304 - "" "Mozilla/5.0 (Windows NT 6.1; WOW64) AppleWebKit/537.36 (KHTML, like Gecko) Chrome/51.0.2704.106 Safari/537.36"
[2016-07-08 15:41:31.412] [WARN] logInfo - ::1 - - "GET /prototype/demo HTTP/1.1" 304 - "" "Mozilla/5.0 (Windows NT 6.1; WOW64) AppleWebKit/537.36 (KHTML, like Gecko) Chrome/51.0.2704.106 Safari/537.36"
[2016-07-08 15:43:15.182] [INFO] logInfo - ::1 - - "GET /prototype/demo HTTP/1.1" 200 250 "" "Mozilla/5.0 (Windows NT 6.1; WOW64) AppleWebKit/537.36 (KHTML, like Gecko) Chrome/51.0.2704.106 Safari/537.36"
[2016-07-08 15:43:56.299] [INFO] logInfo - ::1 - - "GET /prototype/demo HTTP/1.1" 200 269 "" "Mozilla/5.0 (Windows NT 6.1; WOW64) AppleWebKit/537.36 (KHTML, like Gecko) Chrome/51.0.2704.106 Safari/537.36"
